<?xml version="1.0" encoding="UTF-8"?>
<robot generator="Robot 4.0.1 (Python 3.9.4 on win32)" generated="20210504 14:06:34.555" rpa="false" schemaversion="2">
<suite id="s1" name="Home Test" source="C:\Users\GarRem\Desktop\SVVProject\Home\Home_Test.robot">
<test id="s1-t1" name="TC1 ทดสอบเลือกหนังสือจากหน้าแรก Test To Pass">
<kw name="Open MEB" type="SETUP">
<kw name="Open Browser" library="SeleniumLibrary">
<arg>https://www.mebmarket.com</arg>
<arg>chrome</arg>
<doc>Opens a new browser instance to the optional ``url``.</doc>
<msg timestamp="20210504 14:06:34.754" level="INFO">Opening browser 'chrome' to base url 'https://www.mebmarket.com'.</msg>
<status status="PASS" starttime="20210504 14:06:34.754" endtime="20210504 14:06:37.592"/>
</kw>
<status status="PASS" starttime="20210504 14:06:34.753" endtime="20210504 14:06:37.592"/>
</kw>
<kw name="Check Books in every navbar">
<arg>//*[@id="bottom_bar_menu"]/li[1]/a</arg>
<arg>//*[@id="feature_book_new"]/div[2]/div[1]</arg>
<kw name="Maximize Browser Window" library="SeleniumLibrary">
<doc>Maximizes current browser window.</doc>
<status status="PASS" starttime="20210504 14:06:37.593" endtime="20210504 14:06:37.719"/>
</kw>
<kw name="Click Element" library="SeleniumLibrary">
<arg>//*[@id="top_bar_left"]/div/div</arg>
<doc>Click the element identified by ``locator``.</doc>
<msg timestamp="20210504 14:06:37.719" level="INFO">Clicking element '//*[@id="top_bar_left"]/div/div'.</msg>
<status status="PASS" starttime="20210504 14:06:37.719" endtime="20210504 14:06:37.770"/>
</kw>
<kw name="Wait Until Element Is Visible" library="SeleniumLibrary">
<arg>//*[@id="modal_login"]/div/div/div[2]/fieldset/div[2]/button</arg>
<arg>10</arg>
<doc>Waits until the element ``locator`` is visible.</doc>
<status status="PASS" starttime="20210504 14:06:37.770" endtime="20210504 14:06:38.034"/>
</kw>
<kw name="Input Text" library="SeleniumLibrary">
<arg>username</arg>
<arg>gamemaipak</arg>
<doc>Types the given ``text`` into the text field identified by ``locator``.</doc>
<msg timestamp="20210504 14:06:38.034" level="INFO">Typing text 'gamemaipak' into text field 'username'.</msg>
<status status="PASS" starttime="20210504 14:06:38.034" endtime="20210504 14:06:38.140"/>
</kw>
<kw name="Sleep" library="BuiltIn">
<arg>0.5s</arg>
<doc>Pauses the test executed for the given time.</doc>
<msg timestamp="20210504 14:06:38.643" level="INFO">Slept 500 milliseconds</msg>
<status status="PASS" starttime="20210504 14:06:38.140" endtime="20210504 14:06:38.643"/>
</kw>
<kw name="Input Password" library="SeleniumLibrary">
<arg>password</arg>
<arg>Game9794</arg>
<doc>Types the given password into the text field identified by ``locator``.</doc>
<msg timestamp="20210504 14:06:38.643" level="INFO">Typing password into text field 'password'.</msg>
<msg timestamp="20210504 14:06:38.681" level="INFO">Temporally setting log level to: NONE</msg>
<msg timestamp="20210504 14:06:38.724" level="INFO">Log level changed from NONE to INFO.</msg>
<status status="PASS" starttime="20210504 14:06:38.643" endtime="20210504 14:06:38.724"/>
</kw>
<kw name="Sleep" library="BuiltIn">
<arg>0.5s</arg>
<doc>Pauses the test executed for the given time.</doc>
<msg timestamp="20210504 14:06:39.234" level="INFO">Slept 500 milliseconds</msg>
<status status="PASS" starttime="20210504 14:06:38.724" endtime="20210504 14:06:39.234"/>
</kw>
<kw name="Sleep" library="BuiltIn">
<arg>0.5s</arg>
<doc>Pauses the test executed for the given time.</doc>
<msg timestamp="20210504 14:06:39.736" level="INFO">Slept 500 milliseconds</msg>
<status status="PASS" starttime="20210504 14:06:39.234" endtime="20210504 14:06:39.736"/>
</kw>
<kw name="Click Button" library="SeleniumLibrary">
<arg>//*[@id="btn-login"]</arg>
<doc>Clicks the button identified by ``locator``.</doc>
<msg timestamp="20210504 14:06:39.736" level="INFO">Clicking button '//*[@id="btn-login"]'.</msg>
<status status="PASS" starttime="20210504 14:06:39.736" endtime="20210504 14:06:39.795"/>
</kw>
<kw name="Sleep" library="BuiltIn">
<arg>1s</arg>
<doc>Pauses the test executed for the given time.</doc>
<msg timestamp="20210504 14:06:40.809" level="INFO">Slept 1 second</msg>
<status status="PASS" starttime="20210504 14:06:39.795" endtime="20210504 14:06:40.809"/>
</kw>
<kw name="Click Link" library="SeleniumLibrary">
<arg>${page}</arg>
<doc>Clicks a link identified by ``locator``.</doc>
<msg timestamp="20210504 14:06:40.809" level="INFO">Clicking link '//*[@id="bottom_bar_menu"]/li[1]/a'.</msg>
<status status="PASS" starttime="20210504 14:06:40.809" endtime="20210504 14:06:41.375"/>
</kw>
<kw name="Sleep" library="BuiltIn">
<arg>1s</arg>
<doc>Pauses the test executed for the given time.</doc>
<msg timestamp="20210504 14:06:42.386" level="INFO">Slept 1 second</msg>
<status status="PASS" starttime="20210504 14:06:41.375" endtime="20210504 14:06:42.386"/>
</kw>
<kw name="Click Element" library="SeleniumLibrary">
<arg>${book}</arg>
<doc>Click the element identified by ``locator``.</doc>
<msg timestamp="20210504 14:06:42.386" level="INFO">Clicking element '//*[@id="feature_book_new"]/div[2]/div[1]'.</msg>
<status status="PASS" starttime="20210504 14:06:42.386" endtime="20210504 14:06:42.458"/>
</kw>
<kw name="Switch Window" library="SeleniumLibrary">
<arg>NEW</arg>
<doc>Switches to browser window matching ``locator``.</doc>
<status status="PASS" starttime="20210504 14:06:42.458" endtime="20210504 14:06:42.466"/>
</kw>
<kw name="Page Should Contain" library="SeleniumLibrary">
<arg>ติดตาม</arg>
<doc>Verifies that current page contains ``text``.</doc>
<msg timestamp="20210504 14:06:42.976" level="INFO">Current page contains text 'ติดตาม'.</msg>
<status status="PASS" starttime="20210504 14:06:42.466" endtime="20210504 14:06:42.976"/>
</kw>
<status status="PASS" starttime="20210504 14:06:37.593" endtime="20210504 14:06:42.976"/>
</kw>
<kw name="Close Browser" library="SeleniumLibrary" type="TEARDOWN">
<doc>Closes the current browser.</doc>
<status status="PASS" starttime="20210504 14:06:42.977" endtime="20210504 14:06:45.126"/>
</kw>
<status status="PASS" starttime="20210504 14:06:34.752" endtime="20210504 14:06:45.126"/>
</test>
<test id="s1-t2" name="TC2 ทดสอบเลือกหนังสือจากหน้าขายดี Test To Pass">
<kw name="Open MEB" type="SETUP">
<kw name="Open Browser" library="SeleniumLibrary">
<arg>https://www.mebmarket.com</arg>
<arg>chrome</arg>
<doc>Opens a new browser instance to the optional ``url``.</doc>
<msg timestamp="20210504 14:06:45.129" level="INFO">Opening browser 'chrome' to base url 'https://www.mebmarket.com'.</msg>
<status status="PASS" starttime="20210504 14:06:45.129" endtime="20210504 14:06:48.978"/>
</kw>
<status status="PASS" starttime="20210504 14:06:45.129" endtime="20210504 14:06:48.978"/>
</kw>
<kw name="Check Books in every navbar">
<arg>//*[@id="bottom_bar_menu"]/li[2]/a</arg>
<arg>//*[@id="feature_bestsellers"]/div[1]/div[2]/div[1]</arg>
<kw name="Maximize Browser Window" library="SeleniumLibrary">
<doc>Maximizes current browser window.</doc>
<status status="PASS" starttime="20210504 14:06:48.979" endtime="20210504 14:06:49.098"/>
</kw>
<kw name="Click Element" library="SeleniumLibrary">
<arg>//*[@id="top_bar_left"]/div/div</arg>
<doc>Click the element identified by ``locator``.</doc>
<msg timestamp="20210504 14:06:49.099" level="INFO">Clicking element '//*[@id="top_bar_left"]/div/div'.</msg>
<status status="PASS" starttime="20210504 14:06:49.098" endtime="20210504 14:06:49.148"/>
</kw>
<kw name="Wait Until Element Is Visible" library="SeleniumLibrary">
<arg>//*[@id="modal_login"]/div/div/div[2]/fieldset/div[2]/button</arg>
<arg>10</arg>
<doc>Waits until the element ``locator`` is visible.</doc>
<status status="PASS" starttime="20210504 14:06:49.148" endtime="20210504 14:06:49.389"/>
</kw>
<kw name="Input Text" library="SeleniumLibrary">
<arg>username</arg>
<arg>gamemaipak</arg>
<doc>Types the given ``text`` into the text field identified by ``locator``.</doc>
<msg timestamp="20210504 14:06:49.389" level="INFO">Typing text 'gamemaipak' into text field 'username'.</msg>
<status status="PASS" starttime="20210504 14:06:49.389" endtime="20210504 14:06:49.495"/>
</kw>
<kw name="Sleep" library="BuiltIn">
<arg>0.5s</arg>
<doc>Pauses the test executed for the given time.</doc>
<msg timestamp="20210504 14:06:50.009" level="INFO">Slept 500 milliseconds</msg>
<status status="PASS" starttime="20210504 14:06:49.495" endtime="20210504 14:06:50.009"/>
</kw>
<kw name="Input Password" library="SeleniumLibrary">
<arg>password</arg>
<arg>Game9794</arg>
<doc>Types the given password into the text field identified by ``locator``.</doc>
<msg timestamp="20210504 14:06:50.010" level="INFO">Typing password into text field 'password'.</msg>
<msg timestamp="20210504 14:06:50.050" level="INFO">Temporally setting log level to: NONE</msg>
<msg timestamp="20210504 14:06:50.092" level="INFO">Log level changed from NONE to INFO.</msg>
<status status="PASS" starttime="20210504 14:06:50.009" endtime="20210504 14:06:50.092"/>
</kw>
<kw name="Sleep" library="BuiltIn">
<arg>0.5s</arg>
<doc>Pauses the test executed for the given time.</doc>
<msg timestamp="20210504 14:06:50.597" level="INFO">Slept 500 milliseconds</msg>
<status status="PASS" starttime="20210504 14:06:50.092" endtime="20210504 14:06:50.597"/>
</kw>
<kw name="Sleep" library="BuiltIn">
<arg>0.5s</arg>
<doc>Pauses the test executed for the given time.</doc>
<msg timestamp="20210504 14:06:51.105" level="INFO">Slept 500 milliseconds</msg>
<status status="PASS" starttime="20210504 14:06:50.597" endtime="20210504 14:06:51.105"/>
</kw>
<kw name="Click Button" library="SeleniumLibrary">
<arg>//*[@id="btn-login"]</arg>
<doc>Clicks the button identified by ``locator``.</doc>
<msg timestamp="20210504 14:06:51.105" level="INFO">Clicking button '//*[@id="btn-login"]'.</msg>
<status status="PASS" starttime="20210504 14:06:51.105" endtime="20210504 14:06:51.163"/>
</kw>
<kw name="Sleep" library="BuiltIn">
<arg>1s</arg>
<doc>Pauses the test executed for the given time.</doc>
<msg timestamp="20210504 14:06:52.164" level="INFO">Slept 1 second</msg>
<status status="PASS" starttime="20210504 14:06:51.164" endtime="20210504 14:06:52.164"/>
</kw>
<kw name="Click Link" library="SeleniumLibrary">
<arg>${page}</arg>
<doc>Clicks a link identified by ``locator``.</doc>
<msg timestamp="20210504 14:06:52.164" level="INFO">Clicking link '//*[@id="bottom_bar_menu"]/li[2]/a'.</msg>
<status status="PASS" starttime="20210504 14:06:52.164" endtime="20210504 14:06:52.630"/>
</kw>
<kw name="Sleep" library="BuiltIn">
<arg>1s</arg>
<doc>Pauses the test executed for the given time.</doc>
<msg timestamp="20210504 14:06:53.640" level="INFO">Slept 1 second</msg>
<status status="PASS" starttime="20210504 14:06:52.630" endtime="20210504 14:06:53.640"/>
</kw>
<kw name="Click Element" library="SeleniumLibrary">
<arg>${book}</arg>
<doc>Click the element identified by ``locator``.</doc>
<msg timestamp="20210504 14:06:53.640" level="INFO">Clicking element '//*[@id="feature_bestsellers"]/div[1]/div[2]/div[1]'.</msg>
<status status="PASS" starttime="20210504 14:06:53.640" endtime="20210504 14:06:53.712"/>
</kw>
<kw name="Switch Window" library="SeleniumLibrary">
<arg>NEW</arg>
<doc>Switches to browser window matching ``locator``.</doc>
<status status="PASS" starttime="20210504 14:06:53.713" endtime="20210504 14:06:53.720"/>
</kw>
<kw name="Page Should Contain" library="SeleniumLibrary">
<arg>ติดตาม</arg>
<doc>Verifies that current page contains ``text``.</doc>
<msg timestamp="20210504 14:06:54.200" level="INFO">Current page contains text 'ติดตาม'.</msg>
<status status="PASS" starttime="20210504 14:06:53.720" endtime="20210504 14:06:54.200"/>
</kw>
<status status="PASS" starttime="20210504 14:06:48.979" endtime="20210504 14:06:54.200"/>
</kw>
<kw name="Close Browser" library="SeleniumLibrary" type="TEARDOWN">
<doc>Closes the current browser.</doc>
<status status="PASS" starttime="20210504 14:06:54.201" endtime="20210504 14:06:56.354"/>
</kw>
<status status="PASS" starttime="20210504 14:06:45.128" endtime="20210504 14:06:56.354"/>
</test>
<test id="s1-t3" name="TC3 ทดสอบเลือกหนังสือจากหน้ามาใหม่ Test To Pass">
<kw name="Open MEB" type="SETUP">
<kw name="Open Browser" library="SeleniumLibrary">
<arg>https://www.mebmarket.com</arg>
<arg>chrome</arg>
<doc>Opens a new browser instance to the optional ``url``.</doc>
<msg timestamp="20210504 14:06:56.358" level="INFO">Opening browser 'chrome' to base url 'https://www.mebmarket.com'.</msg>
<status status="PASS" starttime="20210504 14:06:56.358" endtime="20210504 14:06:59.259"/>
</kw>
<status status="PASS" starttime="20210504 14:06:56.357" endtime="20210504 14:06:59.259"/>
</kw>
<kw name="Check Books in every navbar">
<arg>//*[@id="bottom_bar_menu"]/li[3]/a</arg>
<arg>//*[@id="feature_new_entry"]/div[1]/div[2]/div[1]</arg>
<kw name="Maximize Browser Window" library="SeleniumLibrary">
<doc>Maximizes current browser window.</doc>
<status status="PASS" starttime="20210504 14:06:59.260" endtime="20210504 14:06:59.388"/>
</kw>
<kw name="Click Element" library="SeleniumLibrary">
<arg>//*[@id="top_bar_left"]/div/div</arg>
<doc>Click the element identified by ``locator``.</doc>
<msg timestamp="20210504 14:06:59.388" level="INFO">Clicking element '//*[@id="top_bar_left"]/div/div'.</msg>
<status status="PASS" starttime="20210504 14:06:59.388" endtime="20210504 14:06:59.446"/>
</kw>
<kw name="Wait Until Element Is Visible" library="SeleniumLibrary">
<arg>//*[@id="modal_login"]/div/div/div[2]/fieldset/div[2]/button</arg>
<arg>10</arg>
<doc>Waits until the element ``locator`` is visible.</doc>
<status status="PASS" starttime="20210504 14:06:59.447" endtime="20210504 14:06:59.694"/>
</kw>
<kw name="Input Text" library="SeleniumLibrary">
<arg>username</arg>
<arg>gamemaipak</arg>
<doc>Types the given ``text`` into the text field identified by ``locator``.</doc>
<msg timestamp="20210504 14:06:59.694" level="INFO">Typing text 'gamemaipak' into text field 'username'.</msg>
<status status="PASS" starttime="20210504 14:06:59.694" endtime="20210504 14:06:59.791"/>
</kw>
<kw name="Sleep" library="BuiltIn">
<arg>0.5s</arg>
<doc>Pauses the test executed for the given time.</doc>
<msg timestamp="20210504 14:07:00.295" level="INFO">Slept 500 milliseconds</msg>
<status status="PASS" starttime="20210504 14:06:59.791" endtime="20210504 14:07:00.295"/>
</kw>
<kw name="Input Password" library="SeleniumLibrary">
<arg>password</arg>
<arg>Game9794</arg>
<doc>Types the given password into the text field identified by ``locator``.</doc>
<msg timestamp="20210504 14:07:00.295" level="INFO">Typing password into text field 'password'.</msg>
<msg timestamp="20210504 14:07:00.332" level="INFO">Temporally setting log level to: NONE</msg>
<msg timestamp="20210504 14:07:00.377" level="INFO">Log level changed from NONE to INFO.</msg>
<status status="PASS" starttime="20210504 14:07:00.295" endtime="20210504 14:07:00.377"/>
</kw>
<kw name="Sleep" library="BuiltIn">
<arg>0.5s</arg>
<doc>Pauses the test executed for the given time.</doc>
<msg timestamp="20210504 14:07:00.888" level="INFO">Slept 500 milliseconds</msg>
<status status="PASS" starttime="20210504 14:07:00.377" endtime="20210504 14:07:00.888"/>
</kw>
<kw name="Sleep" library="BuiltIn">
<arg>0.5s</arg>
<doc>Pauses the test executed for the given time.</doc>
<msg timestamp="20210504 14:07:01.401" level="INFO">Slept 500 milliseconds</msg>
<status status="PASS" starttime="20210504 14:07:00.888" endtime="20210504 14:07:01.401"/>
</kw>
<kw name="Click Button" library="SeleniumLibrary">
<arg>//*[@id="btn-login"]</arg>
<doc>Clicks the button identified by ``locator``.</doc>
<msg timestamp="20210504 14:07:01.401" level="INFO">Clicking button '//*[@id="btn-login"]'.</msg>
<status status="PASS" starttime="20210504 14:07:01.401" endtime="20210504 14:07:01.461"/>
</kw>
<kw name="Sleep" library="BuiltIn">
<arg>1s</arg>
<doc>Pauses the test executed for the given time.</doc>
<msg timestamp="20210504 14:07:02.472" level="INFO">Slept 1 second</msg>
<status status="PASS" starttime="20210504 14:07:01.461" endtime="20210504 14:07:02.472"/>
</kw>
<kw name="Click Link" library="SeleniumLibrary">
<arg>${page}</arg>
<doc>Clicks a link identified by ``locator``.</doc>
<msg timestamp="20210504 14:07:02.472" level="INFO">Clicking link '//*[@id="bottom_bar_menu"]/li[3]/a'.</msg>
<status status="PASS" starttime="20210504 14:07:02.472" endtime="20210504 14:07:02.956"/>
</kw>
<kw name="Sleep" library="BuiltIn">
<arg>1s</arg>
<doc>Pauses the test executed for the given time.</doc>
<msg timestamp="20210504 14:07:03.959" level="INFO">Slept 1 second</msg>
<status status="PASS" starttime="20210504 14:07:02.956" endtime="20210504 14:07:03.959"/>
</kw>
<kw name="Click Element" library="SeleniumLibrary">
<arg>${book}</arg>
<doc>Click the element identified by ``locator``.</doc>
<msg timestamp="20210504 14:07:03.959" level="INFO">Clicking element '//*[@id="feature_new_entry"]/div[1]/div[2]/div[1]'.</msg>
<status status="PASS" starttime="20210504 14:07:03.959" endtime="20210504 14:07:04.023"/>
</kw>
<kw name="Switch Window" library="SeleniumLibrary">
<arg>NEW</arg>
<doc>Switches to browser window matching ``locator``.</doc>
<status status="PASS" starttime="20210504 14:07:04.023" endtime="20210504 14:07:04.033"/>
</kw>
<kw name="Page Should Contain" library="SeleniumLibrary">
<arg>ติดตาม</arg>
<doc>Verifies that current page contains ``text``.</doc>
<msg timestamp="20210504 14:07:04.601" level="INFO">Current page contains text 'ติดตาม'.</msg>
<status status="PASS" starttime="20210504 14:07:04.033" endtime="20210504 14:07:04.601"/>
</kw>
<status status="PASS" starttime="20210504 14:06:59.260" endtime="20210504 14:07:04.602"/>
</kw>
<kw name="Close Browser" library="SeleniumLibrary" type="TEARDOWN">
<doc>Closes the current browser.</doc>
<status status="PASS" starttime="20210504 14:07:04.602" endtime="20210504 14:07:06.789"/>
</kw>
<status status="PASS" starttime="20210504 14:06:56.356" endtime="20210504 14:07:06.789"/>
</test>
<test id="s1-t4" name="TC4 ทดสอบเลือกหนังสือจากหน้าโปรโมชั่น Test To Pass">
<kw name="Open MEB" type="SETUP">
<kw name="Open Browser" library="SeleniumLibrary">
<arg>https://www.mebmarket.com</arg>
<arg>chrome</arg>
<doc>Opens a new browser instance to the optional ``url``.</doc>
<msg timestamp="20210504 14:07:06.793" level="INFO">Opening browser 'chrome' to base url 'https://www.mebmarket.com'.</msg>
<status status="PASS" starttime="20210504 14:07:06.793" endtime="20210504 14:07:10.315"/>
</kw>
<status status="PASS" starttime="20210504 14:07:06.792" endtime="20210504 14:07:10.315"/>
</kw>
<kw name="Check Books in every navbar">
<arg>//*[@id="bottom_bar_menu"]/li[4]/a</arg>
<arg>//*[@id="promotion"]/div[2]/div[1]</arg>
<kw name="Maximize Browser Window" library="SeleniumLibrary">
<doc>Maximizes current browser window.</doc>
<status status="PASS" starttime="20210504 14:07:10.316" endtime="20210504 14:07:10.440"/>
</kw>
<kw name="Click Element" library="SeleniumLibrary">
<arg>//*[@id="top_bar_left"]/div/div</arg>
<doc>Click the element identified by ``locator``.</doc>
<msg timestamp="20210504 14:07:10.441" level="INFO">Clicking element '//*[@id="top_bar_left"]/div/div'.</msg>
<status status="PASS" starttime="20210504 14:07:10.440" endtime="20210504 14:07:10.496"/>
</kw>
<kw name="Wait Until Element Is Visible" library="SeleniumLibrary">
<arg>//*[@id="modal_login"]/div/div/div[2]/fieldset/div[2]/button</arg>
<arg>10</arg>
<doc>Waits until the element ``locator`` is visible.</doc>
<status status="PASS" starttime="20210504 14:07:10.496" endtime="20210504 14:07:10.746"/>
</kw>
<kw name="Input Text" library="SeleniumLibrary">
<arg>username</arg>
<arg>gamemaipak</arg>
<doc>Types the given ``text`` into the text field identified by ``locator``.</doc>
<msg timestamp="20210504 14:07:10.746" level="INFO">Typing text 'gamemaipak' into text field 'username'.</msg>
<status status="PASS" starttime="20210504 14:07:10.746" endtime="20210504 14:07:10.841"/>
</kw>
<kw name="Sleep" library="BuiltIn">
<arg>0.5s</arg>
<doc>Pauses the test executed for the given time.</doc>
<msg timestamp="20210504 14:07:11.344" level="INFO">Slept 500 milliseconds</msg>
<status status="PASS" starttime="20210504 14:07:10.841" endtime="20210504 14:07:11.344"/>
</kw>
<kw name="Input Password" library="SeleniumLibrary">
<arg>password</arg>
<arg>Game9794</arg>
<doc>Types the given password into the text field identified by ``locator``.</doc>
<msg timestamp="20210504 14:07:11.344" level="INFO">Typing password into text field 'password'.</msg>
<msg timestamp="20210504 14:07:11.380" level="INFO">Temporally setting log level to: NONE</msg>
<msg timestamp="20210504 14:07:11.423" level="INFO">Log level changed from NONE to INFO.</msg>
<status status="PASS" starttime="20210504 14:07:11.344" endtime="20210504 14:07:11.423"/>
</kw>
<kw name="Sleep" library="BuiltIn">
<arg>0.5s</arg>
<doc>Pauses the test executed for the given time.</doc>
<msg timestamp="20210504 14:07:11.930" level="INFO">Slept 500 milliseconds</msg>
<status status="PASS" starttime="20210504 14:07:11.423" endtime="20210504 14:07:11.930"/>
</kw>
<kw name="Sleep" library="BuiltIn">
<arg>0.5s</arg>
<doc>Pauses the test executed for the given time.</doc>
<msg timestamp="20210504 14:07:12.442" level="INFO">Slept 500 milliseconds</msg>
<status status="PASS" starttime="20210504 14:07:11.930" endtime="20210504 14:07:12.442"/>
</kw>
<kw name="Click Button" library="SeleniumLibrary">
<arg>//*[@id="btn-login"]</arg>
<doc>Clicks the button identified by ``locator``.</doc>
<msg timestamp="20210504 14:07:12.442" level="INFO">Clicking button '//*[@id="btn-login"]'.</msg>
<status status="PASS" starttime="20210504 14:07:12.442" endtime="20210504 14:07:12.502"/>
</kw>
<kw name="Sleep" library="BuiltIn">
<arg>1s</arg>
<doc>Pauses the test executed for the given time.</doc>
<msg timestamp="20210504 14:07:13.518" level="INFO">Slept 1 second</msg>
<status status="PASS" starttime="20210504 14:07:12.502" endtime="20210504 14:07:13.518"/>
</kw>
<kw name="Click Link" library="SeleniumLibrary">
<arg>${page}</arg>
<doc>Clicks a link identified by ``locator``.</doc>
<msg timestamp="20210504 14:07:13.519" level="INFO">Clicking link '//*[@id="bottom_bar_menu"]/li[4]/a'.</msg>
<status status="PASS" starttime="20210504 14:07:13.518" endtime="20210504 14:07:13.779"/>
</kw>
<kw name="Sleep" library="BuiltIn">
<arg>1s</arg>
<doc>Pauses the test executed for the given time.</doc>
<msg timestamp="20210504 14:07:14.786" level="INFO">Slept 1 second</msg>
<status status="PASS" starttime="20210504 14:07:13.779" endtime="20210504 14:07:14.786"/>
</kw>
<kw name="Click Element" library="SeleniumLibrary">
<arg>${book}</arg>
<doc>Click the element identified by ``locator``.</doc>
<msg timestamp="20210504 14:07:14.786" level="INFO">Clicking element '//*[@id="promotion"]/div[2]/div[1]'.</msg>
<status status="PASS" starttime="20210504 14:07:14.786" endtime="20210504 14:07:14.874"/>
</kw>
<kw name="Switch Window" library="SeleniumLibrary">
<arg>NEW</arg>
<doc>Switches to browser window matching ``locator``.</doc>
<status status="PASS" starttime="20210504 14:07:14.874" endtime="20210504 14:07:14.881"/>
</kw>
<kw name="Page Should Contain" library="SeleniumLibrary">
<arg>ติดตาม</arg>
<doc>Verifies that current page contains ``text``.</doc>
<msg timestamp="20210504 14:07:15.425" level="INFO">Current page contains text 'ติดตาม'.</msg>
<status status="PASS" starttime="20210504 14:07:14.881" endtime="20210504 14:07:15.425"/>
</kw>
<status status="PASS" starttime="20210504 14:07:10.315" endtime="20210504 14:07:15.425"/>
</kw>
<kw name="Close Browser" library="SeleniumLibrary" type="TEARDOWN">
<doc>Closes the current browser.</doc>
<status status="PASS" starttime="20210504 14:07:15.426" endtime="20210504 14:07:18.440"/>
</kw>
<status status="PASS" starttime="20210504 14:07:06.791" endtime="20210504 14:07:18.440"/>
</test>
<test id="s1-t5" name="TC5 ทดสอบเลือกหนังสือจากหน้าฟรีกระจาย Test To Pass">
<kw name="Open MEB" type="SETUP">
<kw name="Open Browser" library="SeleniumLibrary">
<arg>https://www.mebmarket.com</arg>
<arg>chrome</arg>
<doc>Opens a new browser instance to the optional ``url``.</doc>
<msg timestamp="20210504 14:07:18.444" level="INFO">Opening browser 'chrome' to base url 'https://www.mebmarket.com'.</msg>
<status status="PASS" starttime="20210504 14:07:18.444" endtime="20210504 14:07:20.896"/>
</kw>
<status status="PASS" starttime="20210504 14:07:18.443" endtime="20210504 14:07:20.896"/>
</kw>
<kw name="Check Books in every navbar">
<arg>//*[@id="bottom_bar_menu"]/li[5]/a</arg>
<arg>//*[@id="feature_free"]/div[1]/div[2]/div[1]</arg>
<kw name="Maximize Browser Window" library="SeleniumLibrary">
<doc>Maximizes current browser window.</doc>
<status status="PASS" starttime="20210504 14:07:20.897" endtime="20210504 14:07:21.017"/>
</kw>
<kw name="Click Element" library="SeleniumLibrary">
<arg>//*[@id="top_bar_left"]/div/div</arg>
<doc>Click the element identified by ``locator``.</doc>
<msg timestamp="20210504 14:07:21.017" level="INFO">Clicking element '//*[@id="top_bar_left"]/div/div'.</msg>
<status status="PASS" starttime="20210504 14:07:21.017" endtime="20210504 14:07:21.079"/>
</kw>
<kw name="Wait Until Element Is Visible" library="SeleniumLibrary">
<arg>//*[@id="modal_login"]/div/div/div[2]/fieldset/div[2]/button</arg>
<arg>10</arg>
<doc>Waits until the element ``locator`` is visible.</doc>
<status status="PASS" starttime="20210504 14:07:21.079" endtime="20210504 14:07:21.327"/>
</kw>
<kw name="Input Text" library="SeleniumLibrary">
<arg>username</arg>
<arg>gamemaipak</arg>
<doc>Types the given ``text`` into the text field identified by ``locator``.</doc>
<msg timestamp="20210504 14:07:21.327" level="INFO">Typing text 'gamemaipak' into text field 'username'.</msg>
<status status="PASS" starttime="20210504 14:07:21.327" endtime="20210504 14:07:21.425"/>
</kw>
<kw name="Sleep" library="BuiltIn">
<arg>0.5s</arg>
<doc>Pauses the test executed for the given time.</doc>
<msg timestamp="20210504 14:07:21.930" level="INFO">Slept 500 milliseconds</msg>
<status status="PASS" starttime="20210504 14:07:21.425" endtime="20210504 14:07:21.930"/>
</kw>
<kw name="Input Password" library="SeleniumLibrary">
<arg>password</arg>
<arg>Game9794</arg>
<doc>Types the given password into the text field identified by ``locator``.</doc>
<msg timestamp="20210504 14:07:21.930" level="INFO">Typing password into text field 'password'.</msg>
<msg timestamp="20210504 14:07:21.966" level="INFO">Temporally setting log level to: NONE</msg>
<msg timestamp="20210504 14:07:22.005" level="INFO">Log level changed from NONE to INFO.</msg>
<status status="PASS" starttime="20210504 14:07:21.930" endtime="20210504 14:07:22.005"/>
</kw>
<kw name="Sleep" library="BuiltIn">
<arg>0.5s</arg>
<doc>Pauses the test executed for the given time.</doc>
<msg timestamp="20210504 14:07:22.520" level="INFO">Slept 500 milliseconds</msg>
<status status="PASS" starttime="20210504 14:07:22.005" endtime="20210504 14:07:22.520"/>
</kw>
<kw name="Sleep" library="BuiltIn">
<arg>0.5s</arg>
<doc>Pauses the test executed for the given time.</doc>
<msg timestamp="20210504 14:07:23.028" level="INFO">Slept 500 milliseconds</msg>
<status status="PASS" starttime="20210504 14:07:22.520" endtime="20210504 14:07:23.028"/>
</kw>
<kw name="Click Button" library="SeleniumLibrary">
<arg>//*[@id="btn-login"]</arg>
<doc>Clicks the button identified by ``locator``.</doc>
<msg timestamp="20210504 14:07:23.028" level="INFO">Clicking button '//*[@id="btn-login"]'.</msg>
<status status="PASS" starttime="20210504 14:07:23.028" endtime="20210504 14:07:23.087"/>
</kw>
<kw name="Sleep" library="BuiltIn">
<arg>1s</arg>
<doc>Pauses the test executed for the given time.</doc>
<msg timestamp="20210504 14:07:24.101" level="INFO">Slept 1 second</msg>
<status status="PASS" starttime="20210504 14:07:23.087" endtime="20210504 14:07:24.101"/>
</kw>
<kw name="Click Link" library="SeleniumLibrary">
<arg>${page}</arg>
<doc>Clicks a link identified by ``locator``.</doc>
<msg timestamp="20210504 14:07:24.102" level="INFO">Clicking link '//*[@id="bottom_bar_menu"]/li[5]/a'.</msg>
<status status="PASS" starttime="20210504 14:07:24.101" endtime="20210504 14:07:24.731"/>
</kw>
<kw name="Sleep" library="BuiltIn">
<arg>1s</arg>
<doc>Pauses the test executed for the given time.</doc>
<msg timestamp="20210504 14:07:25.741" level="INFO">Slept 1 second</msg>
<status status="PASS" starttime="20210504 14:07:24.731" endtime="20210504 14:07:25.741"/>
</kw>
<kw name="Click Element" library="SeleniumLibrary">
<arg>${book}</arg>
<doc>Click the element identified by ``locator``.</doc>
<msg timestamp="20210504 14:07:25.741" level="INFO">Clicking element '//*[@id="feature_free"]/div[1]/div[2]/div[1]'.</msg>
<status status="PASS" starttime="20210504 14:07:25.741" endtime="20210504 14:07:25.806"/>
</kw>
<kw name="Switch Window" library="SeleniumLibrary">
<arg>NEW</arg>
<doc>Switches to browser window matching ``locator``.</doc>
<status status="PASS" starttime="20210504 14:07:25.806" endtime="20210504 14:07:25.812"/>
</kw>
<kw name="Page Should Contain" library="SeleniumLibrary">
<arg>ติดตาม</arg>
<doc>Verifies that current page contains ``text``.</doc>
<msg timestamp="20210504 14:07:26.338" level="INFO">Current page contains text 'ติดตาม'.</msg>
<status status="PASS" starttime="20210504 14:07:25.813" endtime="20210504 14:07:26.338"/>
</kw>
<status status="PASS" starttime="20210504 14:07:20.897" endtime="20210504 14:07:26.338"/>
</kw>
<kw name="Close Browser" library="SeleniumLibrary" type="TEARDOWN">
<doc>Closes the current browser.</doc>
<status status="PASS" starttime="20210504 14:07:26.339" endtime="20210504 14:07:28.485"/>
</kw>
<status status="PASS" starttime="20210504 14:07:18.442" endtime="20210504 14:07:28.485"/>
</test>
<test id="s1-t6" name="TC6 ทดสอบเลือกหนังสือจากหน้าฮิตขึ้นหิ้ง Test To Pass">
<kw name="Open MEB" type="SETUP">
<kw name="Open Browser" library="SeleniumLibrary">
<arg>https://www.mebmarket.com</arg>
<arg>chrome</arg>
<doc>Opens a new browser instance to the optional ``url``.</doc>
<msg timestamp="20210504 14:07:28.489" level="INFO">Opening browser 'chrome' to base url 'https://www.mebmarket.com'.</msg>
<status status="PASS" starttime="20210504 14:07:28.489" endtime="20210504 14:07:31.526"/>
</kw>
<status status="PASS" starttime="20210504 14:07:28.488" endtime="20210504 14:07:31.526"/>
</kw>
<kw name="Check Books in every navbar">
<arg>//*[@id="bottom_bar_menu"]/li[6]/a</arg>
<arg>//*[@id="book_list"]/div[2]/div[1]</arg>
<kw name="Maximize Browser Window" library="SeleniumLibrary">
<doc>Maximizes current browser window.</doc>
<status status="PASS" starttime="20210504 14:07:31.528" endtime="20210504 14:07:31.649"/>
</kw>
<kw name="Click Element" library="SeleniumLibrary">
<arg>//*[@id="top_bar_left"]/div/div</arg>
<doc>Click the element identified by ``locator``.</doc>
<msg timestamp="20210504 14:07:31.649" level="INFO">Clicking element '//*[@id="top_bar_left"]/div/div'.</msg>
<status status="PASS" starttime="20210504 14:07:31.649" endtime="20210504 14:07:31.703"/>
</kw>
<kw name="Wait Until Element Is Visible" library="SeleniumLibrary">
<arg>//*[@id="modal_login"]/div/div/div[2]/fieldset/div[2]/button</arg>
<arg>10</arg>
<doc>Waits until the element ``locator`` is visible.</doc>
<status status="PASS" starttime="20210504 14:07:31.703" endtime="20210504 14:07:31.960"/>
</kw>
<kw name="Input Text" library="SeleniumLibrary">
<arg>username</arg>
<arg>gamemaipak</arg>
<doc>Types the given ``text`` into the text field identified by ``locator``.</doc>
<msg timestamp="20210504 14:07:31.960" level="INFO">Typing text 'gamemaipak' into text field 'username'.</msg>
<status status="PASS" starttime="20210504 14:07:31.960" endtime="20210504 14:07:32.050"/>
</kw>
<kw name="Sleep" library="BuiltIn">
<arg>0.5s</arg>
<doc>Pauses the test executed for the given time.</doc>
<msg timestamp="20210504 14:07:32.559" level="INFO">Slept 500 milliseconds</msg>
<status status="PASS" starttime="20210504 14:07:32.050" endtime="20210504 14:07:32.559"/>
</kw>
<kw name="Input Password" library="SeleniumLibrary">
<arg>password</arg>
<arg>Game9794</arg>
<doc>Types the given password into the text field identified by ``locator``.</doc>
<msg timestamp="20210504 14:07:32.561" level="INFO">Typing password into text field 'password'.</msg>
<msg timestamp="20210504 14:07:32.659" level="INFO">Temporally setting log level to: NONE</msg>
<msg timestamp="20210504 14:07:32.713" level="INFO">Log level changed from NONE to INFO.</msg>
<status status="PASS" starttime="20210504 14:07:32.560" endtime="20210504 14:07:32.714"/>
</kw>
<kw name="Sleep" library="BuiltIn">
<arg>0.5s</arg>
<doc>Pauses the test executed for the given time.</doc>
<msg timestamp="20210504 14:07:33.217" level="INFO">Slept 500 milliseconds</msg>
<status status="PASS" starttime="20210504 14:07:32.714" endtime="20210504 14:07:33.217"/>
</kw>
<kw name="Sleep" library="BuiltIn">
<arg>0.5s</arg>
<doc>Pauses the test executed for the given time.</doc>
<msg timestamp="20210504 14:07:33.717" level="INFO">Slept 500 milliseconds</msg>
<status status="PASS" starttime="20210504 14:07:33.217" endtime="20210504 14:07:33.717"/>
</kw>
<kw name="Click Button" library="SeleniumLibrary">
<arg>//*[@id="btn-login"]</arg>
<doc>Clicks the button identified by ``locator``.</doc>
<msg timestamp="20210504 14:07:33.717" level="INFO">Clicking button '//*[@id="btn-login"]'.</msg>
<status status="PASS" starttime="20210504 14:07:33.717" endtime="20210504 14:07:33.777"/>
</kw>
<kw name="Sleep" library="BuiltIn">
<arg>1s</arg>
<doc>Pauses the test executed for the given time.</doc>
<msg timestamp="20210504 14:07:34.790" level="INFO">Slept 1 second</msg>
<status status="PASS" starttime="20210504 14:07:33.777" endtime="20210504 14:07:34.790"/>
</kw>
<kw name="Click Link" library="SeleniumLibrary">
<arg>${page}</arg>
<doc>Clicks a link identified by ``locator``.</doc>
<msg timestamp="20210504 14:07:34.791" level="INFO">Clicking link '//*[@id="bottom_bar_menu"]/li[6]/a'.</msg>
<status status="PASS" starttime="20210504 14:07:34.790" endtime="20210504 14:07:35.454"/>
</kw>
<kw name="Sleep" library="BuiltIn">
<arg>1s</arg>
<doc>Pauses the test executed for the given time.</doc>
<msg timestamp="20210504 14:07:36.461" level="INFO">Slept 1 second</msg>
<status status="PASS" starttime="20210504 14:07:35.454" endtime="20210504 14:07:36.461"/>
</kw>
<kw name="Click Element" library="SeleniumLibrary">
<arg>${book}</arg>
<doc>Click the element identified by ``locator``.</doc>
<msg timestamp="20210504 14:07:36.461" level="INFO">Clicking element '//*[@id="book_list"]/div[2]/div[1]'.</msg>
<status status="PASS" starttime="20210504 14:07:36.461" endtime="20210504 14:07:36.527"/>
</kw>
<kw name="Switch Window" library="SeleniumLibrary">
<arg>NEW</arg>
<doc>Switches to browser window matching ``locator``.</doc>
<status status="PASS" starttime="20210504 14:07:36.527" endtime="20210504 14:07:36.535"/>
</kw>
<kw name="Page Should Contain" library="SeleniumLibrary">
<arg>ติดตาม</arg>
<doc>Verifies that current page contains ``text``.</doc>
<msg timestamp="20210504 14:07:37.211" level="INFO">Current page contains text 'ติดตาม'.</msg>
<status status="PASS" starttime="20210504 14:07:36.535" endtime="20210504 14:07:37.211"/>
</kw>
<status status="PASS" starttime="20210504 14:07:31.527" endtime="20210504 14:07:37.211"/>
</kw>
<kw name="Close Browser" library="SeleniumLibrary" type="TEARDOWN">
<doc>Closes the current browser.</doc>
<status status="PASS" starttime="20210504 14:07:37.211" endtime="20210504 14:07:39.364"/>
</kw>
<status status="PASS" starttime="20210504 14:07:28.487" endtime="20210504 14:07:39.365"/>
</test>
<test id="s1-t7" name="TC7 ทดสอบเลือกหนังสือจากหน้าแนะนำ Test To Pass">
<kw name="Open MEB" type="SETUP">
<kw name="Open Browser" library="SeleniumLibrary">
<arg>https://www.mebmarket.com</arg>
<arg>chrome</arg>
<doc>Opens a new browser instance to the optional ``url``.</doc>
<msg timestamp="20210504 14:07:39.368" level="INFO">Opening browser 'chrome' to base url 'https://www.mebmarket.com'.</msg>
<status status="PASS" starttime="20210504 14:07:39.367" endtime="20210504 14:07:41.899"/>
</kw>
<status status="PASS" starttime="20210504 14:07:39.367" endtime="20210504 14:07:41.899"/>
</kw>
<kw name="Check Books in every navbar">
<arg>//*[@id="bottom_bar_menu"]/li[7]/a</arg>
<arg>//*[@id="book_list"]/div[2]/div[1]</arg>
<kw name="Maximize Browser Window" library="SeleniumLibrary">
<doc>Maximizes current browser window.</doc>
<status status="PASS" starttime="20210504 14:07:41.900" endtime="20210504 14:07:42.019"/>
</kw>
<kw name="Click Element" library="SeleniumLibrary">
<arg>//*[@id="top_bar_left"]/div/div</arg>
<doc>Click the element identified by ``locator``.</doc>
<msg timestamp="20210504 14:07:42.019" level="INFO">Clicking element '//*[@id="top_bar_left"]/div/div'.</msg>
<status status="PASS" starttime="20210504 14:07:42.019" endtime="20210504 14:07:42.072"/>
</kw>
<kw name="Wait Until Element Is Visible" library="SeleniumLibrary">
<arg>//*[@id="modal_login"]/div/div/div[2]/fieldset/div[2]/button</arg>
<arg>10</arg>
<doc>Waits until the element ``locator`` is visible.</doc>
<status status="PASS" starttime="20210504 14:07:42.072" endtime="20210504 14:07:42.329"/>
</kw>
<kw name="Input Text" library="SeleniumLibrary">
<arg>username</arg>
<arg>gamemaipak</arg>
<doc>Types the given ``text`` into the text field identified by ``locator``.</doc>
<msg timestamp="20210504 14:07:42.329" level="INFO">Typing text 'gamemaipak' into text field 'username'.</msg>
<status status="PASS" starttime="20210504 14:07:42.329" endtime="20210504 14:07:42.440"/>
</kw>
<kw name="Sleep" library="BuiltIn">
<arg>0.5s</arg>
<doc>Pauses the test executed for the given time.</doc>
<msg timestamp="20210504 14:07:42.944" level="INFO">Slept 500 milliseconds</msg>
<status status="PASS" starttime="20210504 14:07:42.440" endtime="20210504 14:07:42.944"/>
</kw>
<kw name="Input Password" library="SeleniumLibrary">
<arg>password</arg>
<arg>Game9794</arg>
<doc>Types the given password into the text field identified by ``locator``.</doc>
<msg timestamp="20210504 14:07:42.944" level="INFO">Typing password into text field 'password'.</msg>
<msg timestamp="20210504 14:07:42.982" level="INFO">Temporally setting log level to: NONE</msg>
<msg timestamp="20210504 14:07:43.026" level="INFO">Log level changed from NONE to INFO.</msg>
<status status="PASS" starttime="20210504 14:07:42.944" endtime="20210504 14:07:43.026"/>
</kw>
<kw name="Sleep" library="BuiltIn">
<arg>0.5s</arg>
<doc>Pauses the test executed for the given time.</doc>
<msg timestamp="20210504 14:07:43.535" level="INFO">Slept 500 milliseconds</msg>
<status status="PASS" starttime="20210504 14:07:43.026" endtime="20210504 14:07:43.535"/>
</kw>
<kw name="Sleep" library="BuiltIn">
<arg>0.5s</arg>
<doc>Pauses the test executed for the given time.</doc>
<msg timestamp="20210504 14:07:44.050" level="INFO">Slept 500 milliseconds</msg>
<status status="PASS" starttime="20210504 14:07:43.535" endtime="20210504 14:07:44.050"/>
</kw>
<kw name="Click Button" library="SeleniumLibrary">
<arg>//*[@id="btn-login"]</arg>
<doc>Clicks the button identified by ``locator``.</doc>
<msg timestamp="20210504 14:07:44.050" level="INFO">Clicking button '//*[@id="btn-login"]'.</msg>
<status status="PASS" starttime="20210504 14:07:44.050" endtime="20210504 14:07:44.110"/>
</kw>
<kw name="Sleep" library="BuiltIn">
<arg>1s</arg>
<doc>Pauses the test executed for the given time.</doc>
<msg timestamp="20210504 14:07:45.123" level="INFO">Slept 1 second</msg>
<status status="PASS" starttime="20210504 14:07:44.110" endtime="20210504 14:07:45.123"/>
</kw>
<kw name="Click Link" library="SeleniumLibrary">
<arg>${page}</arg>
<doc>Clicks a link identified by ``locator``.</doc>
<msg timestamp="20210504 14:07:45.123" level="INFO">Clicking link '//*[@id="bottom_bar_menu"]/li[7]/a'.</msg>
<status status="PASS" starttime="20210504 14:07:45.123" endtime="20210504 14:07:45.393"/>
</kw>
<kw name="Sleep" library="BuiltIn">
<arg>1s</arg>
<doc>Pauses the test executed for the given time.</doc>
<msg timestamp="20210504 14:07:46.395" level="INFO">Slept 1 second</msg>
<status status="PASS" starttime="20210504 14:07:45.393" endtime="20210504 14:07:46.395"/>
</kw>
<kw name="Click Element" library="SeleniumLibrary">
<arg>${book}</arg>
<doc>Click the element identified by ``locator``.</doc>
<msg timestamp="20210504 14:07:46.395" level="INFO">Clicking element '//*[@id="book_list"]/div[2]/div[1]'.</msg>
<status status="PASS" starttime="20210504 14:07:46.395" endtime="20210504 14:07:46.458"/>
</kw>
<kw name="Switch Window" library="SeleniumLibrary">
<arg>NEW</arg>
<doc>Switches to browser window matching ``locator``.</doc>
<status status="PASS" starttime="20210504 14:07:46.458" endtime="20210504 14:07:46.466"/>
</kw>
<kw name="Page Should Contain" library="SeleniumLibrary">
<arg>ติดตาม</arg>
<doc>Verifies that current page contains ``text``.</doc>
<msg timestamp="20210504 14:07:46.948" level="INFO">Current page contains text 'ติดตาม'.</msg>
<status status="PASS" starttime="20210504 14:07:46.466" endtime="20210504 14:07:46.948"/>
</kw>
<status status="PASS" starttime="20210504 14:07:41.899" endtime="20210504 14:07:46.948"/>
</kw>
<kw name="Close Browser" library="SeleniumLibrary" type="TEARDOWN">
<doc>Closes the current browser.</doc>
<status status="PASS" starttime="20210504 14:07:46.949" endtime="20210504 14:07:49.099"/>
</kw>
<status status="PASS" starttime="20210504 14:07:39.366" endtime="20210504 14:07:49.099"/>
</test>
<test id="s1-t8" name="TC8 กลับไปเลือกหนังสือ Test To Pass">
<kw name="Open MEB" type="SETUP">
<kw name="Open Browser" library="SeleniumLibrary">
<arg>https://www.mebmarket.com</arg>
<arg>chrome</arg>
<doc>Opens a new browser instance to the optional ``url``.</doc>
<msg timestamp="20210504 14:07:49.102" level="INFO">Opening browser 'chrome' to base url 'https://www.mebmarket.com'.</msg>
<status status="PASS" starttime="20210504 14:07:49.102" endtime="20210504 14:07:51.948"/>
</kw>
<status status="PASS" starttime="20210504 14:07:49.102" endtime="20210504 14:07:51.948"/>
</kw>
<kw name="Check click on price">
<arg>//*[@id="add_book_to_cart_body"]/div/div[2]/button</arg>
<arg>Kimetsu no Yaiba</arg>
<kw name="Maximize Browser Window" library="SeleniumLibrary">
<doc>Maximizes current browser window.</doc>
<status status="PASS" starttime="20210504 14:07:51.949" endtime="20210504 14:07:52.073"/>
</kw>
<kw name="Click Element" library="SeleniumLibrary">
<arg>//*[@id="top_bar_left"]/div/div</arg>
<doc>Click the element identified by ``locator``.</doc>
<msg timestamp="20210504 14:07:52.073" level="INFO">Clicking element '//*[@id="top_bar_left"]/div/div'.</msg>
<status status="PASS" starttime="20210504 14:07:52.073" endtime="20210504 14:07:52.128"/>
</kw>
<kw name="Wait Until Element Is Visible" library="SeleniumLibrary">
<arg>//*[@id="modal_login"]/div/div/div[2]/fieldset/div[2]/button</arg>
<arg>10</arg>
<doc>Waits until the element ``locator`` is visible.</doc>
<status status="PASS" starttime="20210504 14:07:52.128" endtime="20210504 14:07:52.385"/>
</kw>
<kw name="Input Text" library="SeleniumLibrary">
<arg>username</arg>
<arg>gamemaipak</arg>
<doc>Types the given ``text`` into the text field identified by ``locator``.</doc>
<msg timestamp="20210504 14:07:52.386" level="INFO">Typing text 'gamemaipak' into text field 'username'.</msg>
<status status="PASS" starttime="20210504 14:07:52.385" endtime="20210504 14:07:52.475"/>
</kw>
<kw name="Sleep" library="BuiltIn">
<arg>0.5s</arg>
<doc>Pauses the test executed for the given time.</doc>
<msg timestamp="20210504 14:07:52.988" level="INFO">Slept 500 milliseconds</msg>
<status status="PASS" starttime="20210504 14:07:52.475" endtime="20210504 14:07:52.988"/>
</kw>
<kw name="Input Password" library="SeleniumLibrary">
<arg>password</arg>
<arg>Game9794</arg>
<doc>Types the given password into the text field identified by ``locator``.</doc>
<msg timestamp="20210504 14:07:52.988" level="INFO">Typing password into text field 'password'.</msg>
<msg timestamp="20210504 14:07:53.024" level="INFO">Temporally setting log level to: NONE</msg>
<msg timestamp="20210504 14:07:53.067" level="INFO">Log level changed from NONE to INFO.</msg>
<status status="PASS" starttime="20210504 14:07:52.988" endtime="20210504 14:07:53.067"/>
</kw>
<kw name="Sleep" library="BuiltIn">
<arg>0.5s</arg>
<doc>Pauses the test executed for the given time.</doc>
<msg timestamp="20210504 14:07:53.582" level="INFO">Slept 500 milliseconds</msg>
<status status="PASS" starttime="20210504 14:07:53.067" endtime="20210504 14:07:53.582"/>
</kw>
<kw name="Sleep" library="BuiltIn">
<arg>0.5s</arg>
<doc>Pauses the test executed for the given time.</doc>
<msg timestamp="20210504 14:07:54.083" level="INFO">Slept 500 milliseconds</msg>
<status status="PASS" starttime="20210504 14:07:53.582" endtime="20210504 14:07:54.083"/>
</kw>
<kw name="Click Button" library="SeleniumLibrary">
<arg>//*[@id="btn-login"]</arg>
<doc>Clicks the button identified by ``locator``.</doc>
<msg timestamp="20210504 14:07:54.083" level="INFO">Clicking button '//*[@id="btn-login"]'.</msg>
<status status="PASS" starttime="20210504 14:07:54.083" endtime="20210504 14:07:54.140"/>
</kw>
<kw name="Sleep" library="BuiltIn">
<arg>2s</arg>
<doc>Pauses the test executed for the given time.</doc>
<msg timestamp="20210504 14:07:56.140" level="INFO">Slept 2 seconds</msg>
<status status="PASS" starttime="20210504 14:07:54.140" endtime="20210504 14:07:56.140"/>
</kw>
<kw name="Input Text" library="SeleniumLibrary">
<arg>input_search_main_header</arg>
<arg>yaiba</arg>
<doc>Types the given ``text`` into the text field identified by ``locator``.</doc>
<msg timestamp="20210504 14:07:56.141" level="INFO">Typing text 'yaiba' into text field 'input_search_main_header'.</msg>
<status status="PASS" starttime="20210504 14:07:56.140" endtime="20210504 14:07:56.225"/>
</kw>
<kw name="Press Keys" library="SeleniumLibrary">
<arg>input_search_main_header</arg>
<arg>RETURN</arg>
<doc>Simulates the user pressing key(s) to an element or on the active browser.</doc>
<msg timestamp="20210504 14:07:56.226" level="INFO">Sending key(s) ('RETURN',) to input_search_main_header element.</msg>
<msg timestamp="20210504 14:07:56.527" level="INFO">Pressing special key RETURN to element.</msg>
<msg timestamp="20210504 14:07:56.527" level="INFO">Releasing special key RETURN.</msg>
<status status="PASS" starttime="20210504 14:07:56.225" endtime="20210504 14:07:56.805"/>
</kw>
<kw name="Wait Until Page Contains" library="SeleniumLibrary">
<arg>Kimetsu no Yaiba</arg>
<doc>Waits until ``text`` appears on the current page.</doc>
<status status="PASS" starttime="20210504 14:07:56.805" endtime="20210504 14:07:57.052"/>
</kw>
<kw name="Click Button" library="SeleniumLibrary">
<arg>//*[@id="book_list_147993"]/div/div[3]/table/tbody/tr/td[2]/input</arg>
<doc>Clicks the button identified by ``locator``.</doc>
<msg timestamp="20210504 14:07:57.052" level="INFO">Clicking button '//*[@id="book_list_147993"]/div/div[3]/table/tbody/tr/td[2]/input'.</msg>
<status status="PASS" starttime="20210504 14:07:57.052" endtime="20210504 14:07:57.115"/>
</kw>
<kw name="Wait Until Page Contains" library="SeleniumLibrary">
<arg>เพิ่มหนังสือลงตะกร้าแล้ว</arg>
<doc>Waits until ``text`` appears on the current page.</doc>
<status status="PASS" starttime="20210504 14:07:57.115" endtime="20210504 14:07:57.129"/>
</kw>
<kw name="Sleep" library="BuiltIn">
<arg>1s</arg>
<doc>Pauses the test executed for the given time.</doc>
<msg timestamp="20210504 14:07:58.139" level="INFO">Slept 1 second</msg>
<status status="PASS" starttime="20210504 14:07:57.130" endtime="20210504 14:07:58.139"/>
</kw>
<kw name="Click Element" library="SeleniumLibrary">
<arg>${path}</arg>
<doc>Click the element identified by ``locator``.</doc>
<msg timestamp="20210504 14:07:58.139" level="INFO">Clicking element '//*[@id="add_book_to_cart_body"]/div/div[2]/button'.</msg>
<status status="PASS" starttime="20210504 14:07:58.139" endtime="20210504 14:07:58.176"/>
</kw>
<kw name="Sleep" library="BuiltIn">
<arg>1s</arg>
<doc>Pauses the test executed for the given time.</doc>
<msg timestamp="20210504 14:07:59.184" level="INFO">Slept 1 second</msg>
<status status="PASS" starttime="20210504 14:07:58.176" endtime="20210504 14:07:59.184"/>
</kw>
<kw name="Wait Until Page Contains" library="SeleniumLibrary">
<arg>${Checkpage}</arg>
<doc>Waits until ``text`` appears on the current page.</doc>
<status status="PASS" starttime="20210504 14:07:59.184" endtime="20210504 14:07:59.204"/>
</kw>
<kw name="Page Should Contain" library="SeleniumLibrary">
<arg>${Checkpage}</arg>
<doc>Verifies that current page contains ``text``.</doc>
<msg timestamp="20210504 14:07:59.220" level="INFO">Current page contains text 'Kimetsu no Yaiba'.</msg>
<status status="PASS" starttime="20210504 14:07:59.205" endtime="20210504 14:07:59.220"/>
</kw>
<status status="PASS" starttime="20210504 14:07:51.948" endtime="20210504 14:07:59.221"/>
</kw>
<kw name="Close Browser" library="SeleniumLibrary" type="TEARDOWN">
<doc>Closes the current browser.</doc>
<status status="PASS" starttime="20210504 14:07:59.221" endtime="20210504 14:08:02.600"/>
</kw>
<status status="PASS" starttime="20210504 14:07:49.101" endtime="20210504 14:08:02.600"/>
</test>
<test id="s1-t9" name="TC9 ชำระเงิน Test To Pass">
<kw name="Open MEB" type="SETUP">
<kw name="Open Browser" library="SeleniumLibrary">
<arg>https://www.mebmarket.com</arg>
<arg>chrome</arg>
<doc>Opens a new browser instance to the optional ``url``.</doc>
<msg timestamp="20210504 14:08:02.603" level="INFO">Opening browser 'chrome' to base url 'https://www.mebmarket.com'.</msg>
<status status="PASS" starttime="20210504 14:08:02.603" endtime="20210504 14:08:05.082"/>
</kw>
<status status="PASS" starttime="20210504 14:08:02.603" endtime="20210504 14:08:05.082"/>
</kw>
<kw name="Check click on price">
<arg>//*[@id="add_book_to_cart_body"]/div/div[3]/a</arg>
<arg>ตะกร้า</arg>
<kw name="Maximize Browser Window" library="SeleniumLibrary">
<doc>Maximizes current browser window.</doc>
<status status="PASS" starttime="20210504 14:08:05.083" endtime="20210504 14:08:05.201"/>
</kw>
<kw name="Click Element" library="SeleniumLibrary">
<arg>//*[@id="top_bar_left"]/div/div</arg>
<doc>Click the element identified by ``locator``.</doc>
<msg timestamp="20210504 14:08:05.202" level="INFO">Clicking element '//*[@id="top_bar_left"]/div/div'.</msg>
<status status="PASS" starttime="20210504 14:08:05.201" endtime="20210504 14:08:05.256"/>
</kw>
<kw name="Wait Until Element Is Visible" library="SeleniumLibrary">
<arg>//*[@id="modal_login"]/div/div/div[2]/fieldset/div[2]/button</arg>
<arg>10</arg>
<doc>Waits until the element ``locator`` is visible.</doc>
<status status="PASS" starttime="20210504 14:08:05.256" endtime="20210504 14:08:05.512"/>
</kw>
<kw name="Input Text" library="SeleniumLibrary">
<arg>username</arg>
<arg>gamemaipak</arg>
<doc>Types the given ``text`` into the text field identified by ``locator``.</doc>
<msg timestamp="20210504 14:08:05.512" level="INFO">Typing text 'gamemaipak' into text field 'username'.</msg>
<status status="PASS" starttime="20210504 14:08:05.512" endtime="20210504 14:08:05.604"/>
</kw>
<kw name="Sleep" library="BuiltIn">
<arg>0.5s</arg>
<doc>Pauses the test executed for the given time.</doc>
<msg timestamp="20210504 14:08:06.113" level="INFO">Slept 500 milliseconds</msg>
<status status="PASS" starttime="20210504 14:08:05.604" endtime="20210504 14:08:06.113"/>
</kw>
<kw name="Input Password" library="SeleniumLibrary">
<arg>password</arg>
<arg>Game9794</arg>
<doc>Types the given password into the text field identified by ``locator``.</doc>
<msg timestamp="20210504 14:08:06.113" level="INFO">Typing password into text field 'password'.</msg>
<msg timestamp="20210504 14:08:06.150" level="INFO">Temporally setting log level to: NONE</msg>
<msg timestamp="20210504 14:08:06.196" level="INFO">Log level changed from NONE to INFO.</msg>
<status status="PASS" starttime="20210504 14:08:06.113" endtime="20210504 14:08:06.196"/>
</kw>
<kw name="Sleep" library="BuiltIn">
<arg>0.5s</arg>
<doc>Pauses the test executed for the given time.</doc>
<msg timestamp="20210504 14:08:06.702" level="INFO">Slept 500 milliseconds</msg>
<status status="PASS" starttime="20210504 14:08:06.196" endtime="20210504 14:08:06.702"/>
</kw>
<kw name="Sleep" library="BuiltIn">
<arg>0.5s</arg>
<doc>Pauses the test executed for the given time.</doc>
<msg timestamp="20210504 14:08:07.216" level="INFO">Slept 500 milliseconds</msg>
<status status="PASS" starttime="20210504 14:08:06.702" endtime="20210504 14:08:07.216"/>
</kw>
<kw name="Click Button" library="SeleniumLibrary">
<arg>//*[@id="btn-login"]</arg>
<doc>Clicks the button identified by ``locator``.</doc>
<msg timestamp="20210504 14:08:07.216" level="INFO">Clicking button '//*[@id="btn-login"]'.</msg>
<status status="PASS" starttime="20210504 14:08:07.216" endtime="20210504 14:08:07.271"/>
</kw>
<kw name="Sleep" library="BuiltIn">
<arg>2s</arg>
<doc>Pauses the test executed for the given time.</doc>
<msg timestamp="20210504 14:08:09.281" level="INFO">Slept 2 seconds</msg>
<status status="PASS" starttime="20210504 14:08:07.271" endtime="20210504 14:08:09.281"/>
</kw>
<kw name="Input Text" library="SeleniumLibrary">
<arg>input_search_main_header</arg>
<arg>yaiba</arg>
<doc>Types the given ``text`` into the text field identified by ``locator``.</doc>
<msg timestamp="20210504 14:08:09.282" level="INFO">Typing text 'yaiba' into text field 'input_search_main_header'.</msg>
<status status="PASS" starttime="20210504 14:08:09.282" endtime="20210504 14:08:09.375"/>
</kw>
<kw name="Press Keys" library="SeleniumLibrary">
<arg>input_search_main_header</arg>
<arg>RETURN</arg>
<doc>Simulates the user pressing key(s) to an element or on the active browser.</doc>
<msg timestamp="20210504 14:08:09.376" level="INFO">Sending key(s) ('RETURN',) to input_search_main_header element.</msg>
<msg timestamp="20210504 14:08:09.663" level="INFO">Pressing special key RETURN to element.</msg>
<msg timestamp="20210504 14:08:09.664" level="INFO">Releasing special key RETURN.</msg>
<status status="PASS" starttime="20210504 14:08:09.375" endtime="20210504 14:08:09.943"/>
</kw>
<kw name="Wait Until Page Contains" library="SeleniumLibrary">
<arg>Kimetsu no Yaiba</arg>
<doc>Waits until ``text`` appears on the current page.</doc>
<status status="PASS" starttime="20210504 14:08:09.943" endtime="20210504 14:08:10.185"/>
</kw>
<kw name="Click Button" library="SeleniumLibrary">
<arg>//*[@id="book_list_147993"]/div/div[3]/table/tbody/tr/td[2]/input</arg>
<doc>Clicks the button identified by ``locator``.</doc>
<msg timestamp="20210504 14:08:10.185" level="INFO">Clicking button '//*[@id="book_list_147993"]/div/div[3]/table/tbody/tr/td[2]/input'.</msg>
<status status="PASS" starttime="20210504 14:08:10.185" endtime="20210504 14:08:10.250"/>
</kw>
<kw name="Wait Until Page Contains" library="SeleniumLibrary">
<arg>เพิ่มหนังสือลงตะกร้าแล้ว</arg>
<doc>Waits until ``text`` appears on the current page.</doc>
<status status="PASS" starttime="20210504 14:08:10.250" endtime="20210504 14:08:10.266"/>
</kw>
<kw name="Sleep" library="BuiltIn">
<arg>1s</arg>
<doc>Pauses the test executed for the given time.</doc>
<msg timestamp="20210504 14:08:11.281" level="INFO">Slept 1 second</msg>
<status status="PASS" starttime="20210504 14:08:10.266" endtime="20210504 14:08:11.281"/>
</kw>
<kw name="Click Element" library="SeleniumLibrary">
<arg>${path}</arg>
<doc>Click the element identified by ``locator``.</doc>
<msg timestamp="20210504 14:08:11.281" level="INFO">Clicking element '//*[@id="add_book_to_cart_body"]/div/div[3]/a'.</msg>
<status status="PASS" starttime="20210504 14:08:11.281" endtime="20210504 14:08:11.551"/>
</kw>
<kw name="Sleep" library="BuiltIn">
<arg>1s</arg>
<doc>Pauses the test executed for the given time.</doc>
<msg timestamp="20210504 14:08:12.559" level="INFO">Slept 1 second</msg>
<status status="PASS" starttime="20210504 14:08:11.551" endtime="20210504 14:08:12.559"/>
</kw>
<kw name="Wait Until Page Contains" library="SeleniumLibrary">
<arg>${Checkpage}</arg>
<doc>Waits until ``text`` appears on the current page.</doc>
<status status="PASS" starttime="20210504 14:08:12.559" endtime="20210504 14:08:12.571"/>
</kw>
<kw name="Page Should Contain" library="SeleniumLibrary">
<arg>${Checkpage}</arg>
<doc>Verifies that current page contains ``text``.</doc>
<msg timestamp="20210504 14:08:12.581" level="INFO">Current page contains text 'ตะกร้า'.</msg>
<status status="PASS" starttime="20210504 14:08:12.571" endtime="20210504 14:08:12.581"/>
</kw>
<status status="PASS" starttime="20210504 14:08:05.082" endtime="20210504 14:08:12.582"/>
</kw>
<kw name="Close Browser" library="SeleniumLibrary" type="TEARDOWN">
<doc>Closes the current browser.</doc>
<status status="PASS" starttime="20210504 14:08:12.582" endtime="20210504 14:08:14.725"/>
</kw>
<status status="PASS" starttime="20210504 14:08:02.602" endtime="20210504 14:08:14.725"/>
</test>
<test id="s1-t10" name="TC10 ชำระเงินด้วย meb.coin Test To Pass">
<kw name="Open MEB" type="SETUP">
<kw name="Open Browser" library="SeleniumLibrary">
<arg>https://www.mebmarket.com</arg>
<arg>chrome</arg>
<doc>Opens a new browser instance to the optional ``url``.</doc>
<msg timestamp="20210504 14:08:14.728" level="INFO">Opening browser 'chrome' to base url 'https://www.mebmarket.com'.</msg>
<status status="PASS" starttime="20210504 14:08:14.728" endtime="20210504 14:08:17.498"/>
</kw>
<status status="PASS" starttime="20210504 14:08:14.728" endtime="20210504 14:08:17.498"/>
</kw>
<kw name="Check click on price">
<arg>btn-fast-pay-via-meb-coin</arg>
<arg>Search Book</arg>
<kw name="Maximize Browser Window" library="SeleniumLibrary">
<doc>Maximizes current browser window.</doc>
<status status="PASS" starttime="20210504 14:08:17.499" endtime="20210504 14:08:17.629"/>
</kw>
<kw name="Click Element" library="SeleniumLibrary">
<arg>//*[@id="top_bar_left"]/div/div</arg>
<doc>Click the element identified by ``locator``.</doc>
<msg timestamp="20210504 14:08:17.630" level="INFO">Clicking element '//*[@id="top_bar_left"]/div/div'.</msg>
<status status="PASS" starttime="20210504 14:08:17.629" endtime="20210504 14:08:17.677"/>
</kw>
<kw name="Wait Until Element Is Visible" library="SeleniumLibrary">
<arg>//*[@id="modal_login"]/div/div/div[2]/fieldset/div[2]/button</arg>
<arg>10</arg>
<doc>Waits until the element ``locator`` is visible.</doc>
<status status="PASS" starttime="20210504 14:08:17.677" endtime="20210504 14:08:17.928"/>
</kw>
<kw name="Input Text" library="SeleniumLibrary">
<arg>username</arg>
<arg>gamemaipak</arg>
<doc>Types the given ``text`` into the text field identified by ``locator``.</doc>
<msg timestamp="20210504 14:08:17.928" level="INFO">Typing text 'gamemaipak' into text field 'username'.</msg>
<status status="PASS" starttime="20210504 14:08:17.928" endtime="20210504 14:08:18.028"/>
</kw>
<kw name="Sleep" library="BuiltIn">
<arg>0.5s</arg>
<doc>Pauses the test executed for the given time.</doc>
<msg timestamp="20210504 14:08:18.534" level="INFO">Slept 500 milliseconds</msg>
<status status="PASS" starttime="20210504 14:08:18.028" endtime="20210504 14:08:18.534"/>
</kw>
<kw name="Input Password" library="SeleniumLibrary">
<arg>password</arg>
<arg>Game9794</arg>
<doc>Types the given password into the text field identified by ``locator``.</doc>
<msg timestamp="20210504 14:08:18.534" level="INFO">Typing password into text field 'password'.</msg>
<msg timestamp="20210504 14:08:18.571" level="INFO">Temporally setting log level to: NONE</msg>
<msg timestamp="20210504 14:08:18.613" level="INFO">Log level changed from NONE to INFO.</msg>
<status status="PASS" starttime="20210504 14:08:18.534" endtime="20210504 14:08:18.613"/>
</kw>
<kw name="Sleep" library="BuiltIn">
<arg>0.5s</arg>
<doc>Pauses the test executed for the given time.</doc>
<msg timestamp="20210504 14:08:19.128" level="INFO">Slept 500 milliseconds</msg>
<status status="PASS" starttime="20210504 14:08:18.613" endtime="20210504 14:08:19.128"/>
</kw>
<kw name="Sleep" library="BuiltIn">
<arg>0.5s</arg>
<doc>Pauses the test executed for the given time.</doc>
<msg timestamp="20210504 14:08:19.642" level="INFO">Slept 500 milliseconds</msg>
<status status="PASS" starttime="20210504 14:08:19.128" endtime="20210504 14:08:19.642"/>
</kw>
<kw name="Click Button" library="SeleniumLibrary">
<arg>//*[@id="btn-login"]</arg>
<doc>Clicks the button identified by ``locator``.</doc>
<msg timestamp="20210504 14:08:19.642" level="INFO">Clicking button '//*[@id="btn-login"]'.</msg>
<status status="PASS" starttime="20210504 14:08:19.642" endtime="20210504 14:08:19.700"/>
</kw>
<kw name="Sleep" library="BuiltIn">
<arg>2s</arg>
<doc>Pauses the test executed for the given time.</doc>
<msg timestamp="20210504 14:08:21.700" level="INFO">Slept 2 seconds</msg>
<status status="PASS" starttime="20210504 14:08:19.700" endtime="20210504 14:08:21.700"/>
</kw>
<kw name="Input Text" library="SeleniumLibrary">
<arg>input_search_main_header</arg>
<arg>yaiba</arg>
<doc>Types the given ``text`` into the text field identified by ``locator``.</doc>
<msg timestamp="20210504 14:08:21.700" level="INFO">Typing text 'yaiba' into text field 'input_search_main_header'.</msg>
<status status="PASS" starttime="20210504 14:08:21.700" endtime="20210504 14:08:21.796"/>
</kw>
<kw name="Press Keys" library="SeleniumLibrary">
<arg>input_search_main_header</arg>
<arg>RETURN</arg>
<doc>Simulates the user pressing key(s) to an element or on the active browser.</doc>
<msg timestamp="20210504 14:08:21.796" level="INFO">Sending key(s) ('RETURN',) to input_search_main_header element.</msg>
<msg timestamp="20210504 14:08:22.099" level="INFO">Pressing special key RETURN to element.</msg>
<msg timestamp="20210504 14:08:22.099" level="INFO">Releasing special key RETURN.</msg>
<status status="PASS" starttime="20210504 14:08:21.796" endtime="20210504 14:08:22.385"/>
</kw>
<kw name="Wait Until Page Contains" library="SeleniumLibrary">
<arg>Kimetsu no Yaiba</arg>
<doc>Waits until ``text`` appears on the current page.</doc>
<status status="PASS" starttime="20210504 14:08:22.385" endtime="20210504 14:08:22.625"/>
</kw>
<kw name="Click Button" library="SeleniumLibrary">
<arg>//*[@id="book_list_147993"]/div/div[3]/table/tbody/tr/td[2]/input</arg>
<doc>Clicks the button identified by ``locator``.</doc>
<msg timestamp="20210504 14:08:22.626" level="INFO">Clicking button '//*[@id="book_list_147993"]/div/div[3]/table/tbody/tr/td[2]/input'.</msg>
<status status="PASS" starttime="20210504 14:08:22.625" endtime="20210504 14:08:22.693"/>
</kw>
<kw name="Wait Until Page Contains" library="SeleniumLibrary">
<arg>เพิ่มหนังสือลงตะกร้าแล้ว</arg>
<doc>Waits until ``text`` appears on the current page.</doc>
<status status="PASS" starttime="20210504 14:08:22.693" endtime="20210504 14:08:22.718"/>
</kw>
<kw name="Sleep" library="BuiltIn">
<arg>1s</arg>
<doc>Pauses the test executed for the given time.</doc>
<msg timestamp="20210504 14:08:23.729" level="INFO">Slept 1 second</msg>
<status status="PASS" starttime="20210504 14:08:22.718" endtime="20210504 14:08:23.729"/>
</kw>
<kw name="Click Element" library="SeleniumLibrary">
<arg>${path}</arg>
<doc>Click the element identified by ``locator``.</doc>
<msg timestamp="20210504 14:08:23.729" level="INFO">Clicking element 'btn-fast-pay-via-meb-coin'.</msg>
<status status="PASS" starttime="20210504 14:08:23.729" endtime="20210504 14:08:23.781"/>
</kw>
<kw name="Sleep" library="BuiltIn">
<arg>1s</arg>
<doc>Pauses the test executed for the given time.</doc>
<msg timestamp="20210504 14:08:24.794" level="INFO">Slept 1 second</msg>
<status status="PASS" starttime="20210504 14:08:23.781" endtime="20210504 14:08:24.794"/>
</kw>
<kw name="Wait Until Page Contains" library="SeleniumLibrary">
<arg>${Checkpage}</arg>
<doc>Waits until ``text`` appears on the current page.</doc>
<status status="PASS" starttime="20210504 14:08:24.794" endtime="20210504 14:08:24.806"/>
</kw>
<kw name="Page Should Contain" library="SeleniumLibrary">
<arg>${Checkpage}</arg>
<doc>Verifies that current page contains ``text``.</doc>
<msg timestamp="20210504 14:08:24.816" level="INFO">Current page contains text 'Search Book'.</msg>
<status status="PASS" starttime="20210504 14:08:24.806" endtime="20210504 14:08:24.816"/>
</kw>
<status status="PASS" starttime="20210504 14:08:17.499" endtime="20210504 14:08:24.816"/>
</kw>
<kw name="Close Browser" library="SeleniumLibrary" type="TEARDOWN">
<doc>Closes the current browser.</doc>
<status status="PASS" starttime="20210504 14:08:24.816" endtime="20210504 14:08:26.982"/>
</kw>
<status status="PASS" starttime="20210504 14:08:14.727" endtime="20210504 14:08:26.982"/>
</test>
<status status="PASS" starttime="20210504 14:06:34.557" endtime="20210504 14:08:26.984"/>
</suite>
<statistics>
<total>
<stat pass="10" fail="0" skip="0">All Tests</stat>
</total>
<tag>
</tag>
<suite>
<stat pass="10" fail="0" skip="0" id="s1" name="Home Test">Home Test</stat>
</suite>
</statistics>
<errors>
</errors>
</robot>
